[INFO] 10:03:37:615 Lissandra/(5376:5376): 
Se ha creado la carpeta principal.
[INFO] 10:03:37:617 Lissandra/(5376:5376): Se ha insertado el registro en la memtable.
[INFO] 10:03:37:617 Lissandra/(5376:5376): No se puede hacer el insert porque el value excede el tamanio permitido.
[INFO] 10:03:37:617 Lissandra/(5376:5376): No se puede hacer el insert porque el value excede el tamanio permitido.
[INFO] 10:03:37:617 Lissandra/(5376:5376): No se puede hacer el insert porque el value excede el tamanio permitido.
[INFO] 10:03:37:618 Lissandra/(5376:5376): Nemo
[INFO] 10:24:26:608 Lissandra/(5900:5900): 
Se ha creado la carpeta principal.
[INFO] 10:24:26:611 Lissandra/(5900:5900): Se ha insertado el registro en la memtable.
[INFO] 10:24:26:611 Lissandra/(5900:5900): Se ha insertado el registro en la memtable.
[INFO] 10:24:26:611 Lissandra/(5900:5900): No se puede hacer el insert porque el value excede el tamanio permitido.
[INFO] 10:26:28:917 Lissandra/(5959:5959): No se puede hacer el create porque ya existe la tabla PELICULAS.
[INFO] 10:26:28:923 Lissandra/(5959:5959): Se ha insertado el registro en la memtable.
[INFO] 10:26:28:923 Lissandra/(5959:5959): Se ha insertado el registro en la memtable.
[INFO] 10:26:28:923 Lissandra/(5959:5959): Se ha insertado el registro en la memtable.
[INFO] 10:26:28:923 Lissandra/(5959:5959): Harry Potter
[INFO] 10:27:45:454 Lissandra/(5997:5997): No se puede hacer el create porque ya existe la tabla PELICULAS.
[INFO] 10:27:45:455 Lissandra/(5997:5997): Se ha insertado el registro en la memtable.
[INFO] 10:27:45:455 Lissandra/(5997:5997): Se ha insertado el registro en la memtable.
[INFO] 10:27:45:455 Lissandra/(5997:5997): Se ha insertado el registro en la memtable.
[INFO] 10:27:45:456 Lissandra/(5997:5997): Harry Potter
[INFO] 10:31:22:135 Lissandra/(6090:6090): Se ha insertado el registro en la memtable.
[INFO] 10:31:39:570 Lissandra/(6090:6090): Se ha insertado el registro en la memtable.
[INFO] 10:31:46:402 Lissandra/(6090:6090): peli1
[INFO] 10:47:54:906 Lissandra/(6414:6414): Se ha insertado el registro en la memtable.
[INFO] 10:48:03:421 Lissandra/(6414:6414): la key 4008 esta contenida en la particion 3
[INFO] 10:48:03:421 Lissandra/(6414:6414): holi
[INFO] 10:49:08:53 Lissandra/(6440:6440): Se ha insertado el registro en la memtable.
[INFO] 10:49:14:754 Lissandra/(6440:6440): la key 1110 esta contenida en la particion 0
[INFO] 10:49:14:754 Lissandra/(6440:6440): harry potter
[INFO] 10:51:03:913 Lissandra/(6475:6475): Se ha insertado el registro en la memtable.
[INFO] 10:51:11:980 Lissandra/(6475:6475): la key 163 esta contenida en la particion 3
[INFO] 10:51:11:981 Lissandra/(6475:6475): Nemo
[INFO] 10:52:20:332 Lissandra/(6533:6533): Se ha insertado el registro en la memtable.
[INFO] 10:52:32:268 Lissandra/(6533:6533): Se ha insertado el registro en la memtable.
[INFO] 10:52:40:412 Lissandra/(6533:6533): la key 163 esta contenida en la particion 3
[INFO] 10:52:40:414 Lissandra/(6533:6533): buscando dory
[INFO] 10:52:40:414 Lissandra/(6533:6533): buscando dory
[INFO] 10:55:39:967 Lissandra/(6533:6533): Se ha insertado el registro en la memtable.
[INFO] 10:55:48:935 Lissandra/(6533:6533): Se ha insertado el registro en la memtable.
[INFO] 10:55:55:684 Lissandra/(6533:6533): la key 163 esta contenida en la particion 3
[INFO] 10:55:55:686 Lissandra/(6533:6533): toystory
[INFO] 10:55:55:686 Lissandra/(6533:6533): toystory
[INFO] 10:56:15:355 Lissandra/(6533:6533): Se ha insertado el registro en la memtable.
[INFO] 10:57:22:462 Lissandra/(6533:6533): la key 163 esta contenida en la particion 3
[INFO] 10:57:22:463 Lissandra/(6533:6533): buscando dory
[INFO] 10:57:22:463 Lissandra/(6533:6533): buscando dory
[INFO] 11:42:07:371 Lissandra/(7643:7643): No se puede hacer el create porque ya existe la tabla PELICULAS.
[INFO] 11:42:07:373 Lissandra/(7643:7643): Se ha insertado el registro en la memtable.
[INFO] 11:42:07:373 Lissandra/(7643:7643): Se ha insertado el registro en la memtable.
[INFO] 11:42:07:373 Lissandra/(7643:7643): Se ha insertado el registro en la memtable.
[INFO] 11:42:07:374 Lissandra/(7643:7643): la key 10 esta contenida en la particion 0
[INFO] 11:44:01:936 Lissandra/(7691:7691): No se puede hacer el create porque ya existe la tabla PELICULAS.
[INFO] 11:44:04:334 Lissandra/(7691:7691): Se ha insertado el registro en la memtable.
[INFO] 11:44:06:366 Lissandra/(7691:7691): Se ha insertado el registro en la memtable.
[INFO] 11:44:07:438 Lissandra/(7691:7691): Se ha insertado el registro en la memtable.
[INFO] 11:44:22:641 Lissandra/(7691:7691): la key 10 esta contenida en la particion 0
[INFO] 11:48:00:585 Lissandra/(7871:7871): No se puede hacer el create porque ya existe la tabla PELICULAS.
[INFO] 11:48:00:587 Lissandra/(7871:7871): Se ha insertado el registro en la memtable.
[INFO] 11:48:00:587 Lissandra/(7871:7871): Se ha insertado el registro en la memtable.
[INFO] 11:48:00:587 Lissandra/(7871:7871): Se ha insertado el registro en la memtable.
[INFO] 11:48:00:587 Lissandra/(7871:7871): la key 10 esta contenida en la particion 0
[INFO] 11:52:40:761 Lissandra/(8049:8049): No se puede hacer el create porque ya existe la tabla PELICULAS.
[INFO] 11:52:40:774 Lissandra/(8049:8049): Se ha insertado el registro en la memtable.
[INFO] 11:52:40:774 Lissandra/(8049:8049): Se ha insertado el registro en la memtable.
[INFO] 11:52:40:775 Lissandra/(8049:8049): Se ha insertado el registro en la memtable.
[INFO] 11:52:40:775 Lissandra/(8049:8049): la key 10 esta contenida en la particion 0
[INFO] 11:57:29:402 Lissandra/(8236:8236): No se puede hacer el create porque ya existe la tabla PELICULAS.
[INFO] 11:57:29:403 Lissandra/(8236:8236): Se ha insertado el registro en la memtable.
[INFO] 11:57:29:403 Lissandra/(8236:8236): Se ha insertado el registro en la memtable.
[INFO] 11:57:29:403 Lissandra/(8236:8236): Se ha insertado el registro en la memtable.
[INFO] 11:57:29:403 Lissandra/(8236:8236): la key 10 esta contenida en la particion 0
[INFO] 11:58:22:111 Lissandra/(8272:8272): No se puede hacer el create porque ya existe la tabla PELICULAS.
[INFO] 11:58:22:452 Lissandra/(8272:8272): Se ha insertado el registro en la memtable.
[INFO] 11:58:23:82 Lissandra/(8272:8272): Se ha insertado el registro en la memtable.
[INFO] 11:58:23:313 Lissandra/(8272:8272): Se ha insertado el registro en la memtable.
[INFO] 11:58:24:91 Lissandra/(8272:8272): la key 10 esta contenida en la particion 0
[INFO] 11:58:52:533 Lissandra/(8355:8355): No se puede hacer el create porque ya existe la tabla PELICULAS.
[INFO] 11:58:53:35 Lissandra/(8355:8355): Se ha insertado el registro en la memtable.
[INFO] 11:58:53:457 Lissandra/(8355:8355): Se ha insertado el registro en la memtable.
[INFO] 11:58:54:171 Lissandra/(8355:8355): Se ha insertado el registro en la memtable.
[INFO] 11:59:01:75 Lissandra/(8355:8355): la key 10 esta contenida en la particion 0
[INFO] 11:59:40:11 Lissandra/(8355:8355): Harry Potter
[INFO] 11:59:48:930 Lissandra/(8355:8355): la key 163 esta contenida en la particion 3
[INFO] 11:59:48:931 Lissandra/(8355:8355): Nemo
[INFO] 12:05:47:656 Lissandra/(8533:8533): No se puede hacer el create porque ya existe la tabla PELICULAS.
[INFO] 12:05:48:28 Lissandra/(8533:8533): Se ha insertado el registro en la memtable.
[INFO] 12:05:48:789 Lissandra/(8533:8533): Se ha insertado el registro en la memtable.
[INFO] 12:05:50:575 Lissandra/(8533:8533): Se ha insertado el registro en la memtable.
[INFO] 12:05:51:261 Lissandra/(8533:8533): la key 10 esta contenida en la particion 0
[INFO] 12:05:51:261 Lissandra/(8533:8533): Harry Potter
[INFO] 12:05:52:68 Lissandra/(8533:8533): la key 163 esta contenida en la particion 3
[INFO] 12:05:52:68 Lissandra/(8533:8533): Nemo
[INFO] 12:06:09:316 Lissandra/(8533:8533): Se ha insertado el registro en la memtable.
[INFO] 12:06:40:528 Lissandra/(8627:8627): No se puede hacer el create porque ya existe la tabla PELICULAS.
[INFO] 12:06:40:758 Lissandra/(8627:8627): Se ha insertado el registro en la memtable.
[INFO] 12:06:41:174 Lissandra/(8627:8627): Se ha insertado el registro en la memtable.
[INFO] 12:06:42:141 Lissandra/(8627:8627): Se ha insertado el registro en la memtable.
[INFO] 12:06:42:645 Lissandra/(8627:8627): la key 10 esta contenida en la particion 0
[INFO] 12:06:42:645 Lissandra/(8627:8627): Harry Potter
[INFO] 12:06:43:292 Lissandra/(8627:8627): la key 163 esta contenida en la particion 3
[INFO] 12:06:43:293 Lissandra/(8627:8627): Nemo
[INFO] 12:06:59:140 Lissandra/(8682:8682): No se puede hacer el create porque ya existe la tabla PELICULAS.
[INFO] 12:06:59:533 Lissandra/(8682:8682): Se ha insertado el registro en la memtable.
[INFO] 12:06:59:981 Lissandra/(8682:8682): Se ha insertado el registro en la memtable.
[INFO] 12:07:00:677 Lissandra/(8682:8682): Se ha insertado el registro en la memtable.
[INFO] 12:07:06:341 Lissandra/(8682:8682): la key 10 esta contenida en la particion 0
[INFO] 12:07:06:342 Lissandra/(8682:8682): Harry Potter
[INFO] 12:07:06:879 Lissandra/(8682:8682): la key 163 esta contenida en la particion 3
[INFO] 12:07:06:879 Lissandra/(8682:8682): Nemo
[INFO] 12:07:57:221 Lissandra/(8826:8826): No se puede hacer el create porque ya existe la tabla PELICULAS.
[INFO] 12:07:57:639 Lissandra/(8826:8826): Se ha insertado el registro en la memtable.
[INFO] 12:07:58:269 Lissandra/(8826:8826): Se ha insertado el registro en la memtable.
[INFO] 12:07:59:213 Lissandra/(8826:8826): Se ha insertado el registro en la memtable.
[INFO] 12:08:00:565 Lissandra/(8826:8826): la key 10 esta contenida en la particion 0
[INFO] 12:08:00:565 Lissandra/(8826:8826): Harry Potter
[INFO] 12:08:11:301 Lissandra/(8826:8826): la key 163 esta contenida en la particion 3
[INFO] 12:08:11:302 Lissandra/(8826:8826): Nemo
[INFO] 12:09:45:163 Lissandra/(8966:8966): No se puede hacer el create porque ya existe la tabla PELICULAS.
[INFO] 12:09:45:638 Lissandra/(8966:8966): Se ha insertado el registro en la memtable.
[INFO] 12:09:46:195 Lissandra/(8966:8966): Se ha insertado el registro en la memtable.
[INFO] 12:09:46:654 Lissandra/(8966:8966): Se ha insertado el registro en la memtable.
[INFO] 12:09:47:303 Lissandra/(8966:8966): la key 10 esta contenida en la particion 0
[INFO] 12:09:47:303 Lissandra/(8966:8966): Harry Potter
[INFO] 12:09:49:62 Lissandra/(8966:8966): la key 163 esta contenida en la particion 3
[INFO] 12:09:49:62 Lissandra/(8966:8966): Nemo
[INFO] 12:09:50:838 Lissandra/(8966:8966): Se ha insertado el registro en la memtable.
[INFO] 12:10:10:369 Lissandra/(9023:9023): No se puede hacer el create porque ya existe la tabla PELICULAS.
[INFO] 12:10:10:806 Lissandra/(9023:9023): Se ha insertado el registro en la memtable.
[INFO] 12:10:11:250 Lissandra/(9023:9023): Se ha insertado el registro en la memtable.
[INFO] 12:10:11:678 Lissandra/(9023:9023): Se ha insertado el registro en la memtable.
[INFO] 12:10:12:205 Lissandra/(9023:9023): la key 10 esta contenida en la particion 0
[INFO] 12:10:12:205 Lissandra/(9023:9023): Harry Potter
[INFO] 12:10:12:719 Lissandra/(9023:9023): la key 163 esta contenida en la particion 3
[INFO] 12:10:12:719 Lissandra/(9023:9023): Nemo
[INFO] 12:10:40:107 Lissandra/(9144:9144): No se puede hacer el create porque ya existe la tabla PELICULAS.
[INFO] 12:10:40:492 Lissandra/(9144:9144): Se ha insertado el registro en la memtable.
[INFO] 12:10:40:856 Lissandra/(9144:9144): Se ha insertado el registro en la memtable.
[INFO] 12:10:41:406 Lissandra/(9144:9144): Se ha insertado el registro en la memtable.
[INFO] 12:10:41:926 Lissandra/(9144:9144): la key 10 esta contenida en la particion 0
[INFO] 12:10:41:927 Lissandra/(9144:9144): Harry Potter
[INFO] 12:10:42:991 Lissandra/(9144:9144): la key 163 esta contenida en la particion 3
[INFO] 12:10:42:992 Lissandra/(9144:9144): Nemo
