[INFO] 16:07:30:193 memoryPool/(5448:5448): Se inicializo la memoria con tamanio 2048
[INFO] 16:07:30:193 memoryPool/(5448:5448): Tamanio máximo recibido de FS: 20
[INFO] 16:07:30:193 memoryPool/(5448:5451): Servidor creado exitosamente
[INFO] 16:07:30:193 memoryPool/(5448:5451): Servidor escuchando

[INFO] 16:10:07:550 memoryPool/(5448:5450): Paquete entero 700211;192.168.0.45;8001;
[INFO] 16:10:07:550 memoryPool/(5448:5450): Se confirmo la memoria con id: 2
[INFO] 16:10:07:550 memoryPool/(5448:5450): Termino el gossip
[INFO] 16:17:56:646 memoryPool/(5632:5632): Se inicializo la memoria con tamanio 2048
[INFO] 16:17:56:646 memoryPool/(5632:5632): Tamanio máximo recibido de FS: 20
[INFO] 16:17:56:646 memoryPool/(5632:5635): Servidor creado exitosamente
[INFO] 16:17:56:646 memoryPool/(5632:5635): Servidor escuchando

[INFO] 16:18:09:45 memoryPool/(5632:5634): ID memoria 2 y en num 2
[INFO] 16:18:09:46 memoryPool/(5632:5634): ID memoria 1 y en num 1
[INFO] 16:18:09:46 memoryPool/(5632:5634): ID memoria 1 y en num 1
[INFO] 16:18:09:151 memoryPool/(5632:5634): Paquete entero 700211;192.168.0.45;8009;
[INFO] 16:18:09:152 memoryPool/(5632:5634): Se confirmo la memoria con id: 2
[INFO] 16:18:09:152 memoryPool/(5632:5634): Termino el gossip
[INFO] 16:21:37:126 memoryPool/(5760:5760): Se inicializo la memoria con tamanio 2048
[INFO] 16:21:37:126 memoryPool/(5760:5760): Tamanio máximo recibido de FS: 20
[ERROR] 16:21:37:126 memoryPool/(5760:5763): No se pudo crear el servidor
[INFO] 16:21:48:192 memoryPool/(5771:5771): Se inicializo la memoria con tamanio 2048
[INFO] 16:21:48:193 memoryPool/(5771:5771): Tamanio máximo recibido de FS: 20
[INFO] 16:21:48:193 memoryPool/(5771:5774): Servidor creado exitosamente
[INFO] 16:21:48:193 memoryPool/(5771:5774): Servidor escuchando

[INFO] 16:21:52:503 memoryPool/(5771:5773): ID memoria 2 y en num 2
[INFO] 16:21:52:503 memoryPool/(5771:5773): ID memoria 1 y en num 1
[INFO] 16:21:52:503 memoryPool/(5771:5773): ID memoria 1 y en num 1
[INFO] 16:21:52:691 memoryPool/(5771:5773): Paquete entero 700211;192.168.0.45;8006;
[INFO] 16:21:52:691 memoryPool/(5771:5773): Se confirmo la memoria con id: 2
[INFO] 16:21:52:691 memoryPool/(5771:5773): Termino el gossip
[INFO] 16:22:42:832 memoryPool/(5814:5814): Se inicializo la memoria con tamanio 2048
[INFO] 16:22:42:833 memoryPool/(5814:5814): Tamanio máximo recibido de FS: 20
[INFO] 16:22:42:833 memoryPool/(5814:5817): Servidor creado exitosamente
[INFO] 16:22:42:833 memoryPool/(5814:5817): Servidor escuchando

[INFO] 16:22:49:687 memoryPool/(5814:5816): PAQUETE RECIBIDO 2;192.168.0.80;8001;1;192.168.0.45;8001;1;192.168.0.15;8001;
[INFO] 16:22:49:687 memoryPool/(5814:5816): ID memoria 2 y en num 2
[INFO] 16:22:49:687 memoryPool/(5814:5816): ID memoria 1 y en num 1
[INFO] 16:22:49:687 memoryPool/(5814:5816): ID memoria 1 y en num 1
[INFO] 16:22:50:115 memoryPool/(5814:5816): Paquete entero 700211;192.168.0.45;8006;
[INFO] 16:22:50:115 memoryPool/(5814:5816): Se confirmo la memoria con id: 2
[INFO] 16:22:50:115 memoryPool/(5814:5816): Termino el gossip
[INFO] 18:38:52:831 memoryPool/(9704:9704): Se inicializo la memoria con tamanio 2048
[INFO] 18:38:52:900 memoryPool/(9704:9704): Tamanio máximo recibido de FS: 60
[ERROR] 18:38:52:900 memoryPool/(9704:9708): No se pudo crear el servidor
[INFO] 18:38:52:901 memoryPool/(9704:9706): Se realiza un gossip programado
[INFO] 18:38:52:906 memoryPool/(9704:9706): La memoria con ip : 192.168.0.80 no esta activa
[INFO] 18:38:52:906 memoryPool/(9704:9706): Termino el gossip
[INFO] 18:38:57:906 memoryPool/(9704:9706): Se realiza un gossip programado
[INFO] 18:38:57:1 memoryPool/(9704:9706): La memoria con ip : 192.168.0.80 no esta activa
[INFO] 18:38:57:2 memoryPool/(9704:9706): Termino el gossip
